<?xml version="1.0" encoding="UTF-8"?>
<!-- Generated by org.testng.reporters.JUnitXMLReporter -->
<testsuite hostname="ARAVINDKSV" ignored="2" name="chrome" tests="2" failures="0" timestamp="15 Sep 2021 06:46:24 GMT" time="0.189" errors="0">
  <testcase name="@BeforeClass lanuchBrowser" time="0.0" classname="com.crm.autodesk.GenericUtilities.BaseClass">
    <failure type="org.testng.TestNGException" message="
Parameter &amp;apos;Browser&amp;apos; is required by BeforeClass on method lanuchBrowser but has not been marked @Optional or defined
in C:\Users\USER\eclipse-workspace\VtigeerMaven\OrgParallel.xml">
      <![CDATA[org.testng.TestNGException: 
Parameter 'Browser' is required by BeforeClass on method lanuchBrowser but has not been marked @Optional or defined
in C:\Users\USER\eclipse-workspace\VtigeerMaven\OrgParallel.xml
at java.util.concurrent.ThreadPoolExecutor.runWorker(ThreadPoolExecutor.java:1149)
at java.util.concurrent.ThreadPoolExecutor$Worker.run(ThreadPoolExecutor.java:624)
at java.lang.Thread.run(Thread.java:748)
... Removed 8 stack frames]]>
    </failure>
  </testcase> <!-- @BeforeClass lanuchBrowser -->
  <testcase name="@BeforeClass lanuchBrowser" time="0.0" classname="com.crm.autodesk.GenericUtilities.BaseClass">
    <failure type="org.testng.TestNGException" message="
Parameter &amp;apos;Browser&amp;apos; is required by BeforeClass on method lanuchBrowser but has not been marked @Optional or defined
in C:\Users\USER\eclipse-workspace\VtigeerMaven\OrgParallel.xml">
      <![CDATA[org.testng.TestNGException: 
Parameter 'Browser' is required by BeforeClass on method lanuchBrowser but has not been marked @Optional or defined
in C:\Users\USER\eclipse-workspace\VtigeerMaven\OrgParallel.xml
at java.util.concurrent.ThreadPoolExecutor.runWorker(ThreadPoolExecutor.java:1149)
at java.util.concurrent.ThreadPoolExecutor$Worker.run(ThreadPoolExecutor.java:624)
at java.lang.Thread.run(Thread.java:748)
... Removed 8 stack frames]]>
    </failure>
  </testcase> <!-- @BeforeClass lanuchBrowser -->
  <testcase name="@BeforeMethod loginToApp" time="0.078" classname="com.crm.autodesk.GenericUtilities.BaseClass">
    <failure type="java.lang.NullPointerException">
      <![CDATA[java.lang.NullPointerException
at org.openqa.selenium.support.pagefactory.DefaultElementLocator.findElement(DefaultElementLocator.java:69)
at org.openqa.selenium.support.pagefactory.internal.LocatingElementHandler.invoke(LocatingElementHandler.java:38)
at com.sun.proxy.$Proxy14.sendKeys(Unknown Source)
at com.com.autodesk.Elementrepository.LoginPage.loginToApp(LoginPage.java:43)
at com.crm.autodesk.GenericUtilities.BaseClass.loginToApp(BaseClass.java:69)
at java.util.concurrent.ThreadPoolExecutor.runWorker(ThreadPoolExecutor.java:1149)
at java.util.concurrent.ThreadPoolExecutor$Worker.run(ThreadPoolExecutor.java:624)
at java.lang.Thread.run(Thread.java:748)
... Removed 13 stack frames]]>
    </failure>
  </testcase> <!-- @BeforeMethod loginToApp -->
  <testcase name="@AfterClass closeBrowser" time="0.0" classname="com.crm.autodesk.GenericUtilities.BaseClass">
    <failure type="java.lang.NullPointerException">
      <![CDATA[java.lang.NullPointerException
at com.crm.autodesk.GenericUtilities.BaseClass.closeBrowser(BaseClass.java:84)
at java.util.concurrent.ThreadPoolExecutor.runWorker(ThreadPoolExecutor.java:1149)
at java.util.concurrent.ThreadPoolExecutor$Worker.run(ThreadPoolExecutor.java:624)
at java.lang.Thread.run(Thread.java:748)
... Removed 11 stack frames]]>
    </failure>
  </testcase> <!-- @AfterClass closeBrowser -->
  <testcase name="@BeforeMethod loginToApp" time="0.093" classname="com.crm.autodesk.GenericUtilities.BaseClass">
    <failure type="java.lang.NullPointerException">
      <![CDATA[java.lang.NullPointerException
at org.openqa.selenium.support.pagefactory.DefaultElementLocator.findElement(DefaultElementLocator.java:69)
at org.openqa.selenium.support.pagefactory.internal.LocatingElementHandler.invoke(LocatingElementHandler.java:38)
at com.sun.proxy.$Proxy14.sendKeys(Unknown Source)
at com.com.autodesk.Elementrepository.LoginPage.loginToApp(LoginPage.java:43)
at com.crm.autodesk.GenericUtilities.BaseClass.loginToApp(BaseClass.java:69)
at java.util.concurrent.ThreadPoolExecutor.runWorker(ThreadPoolExecutor.java:1149)
at java.util.concurrent.ThreadPoolExecutor$Worker.run(ThreadPoolExecutor.java:624)
at java.lang.Thread.run(Thread.java:748)
... Removed 13 stack frames]]>
    </failure>
  </testcase> <!-- @BeforeMethod loginToApp -->
  <testcase name="@AfterClass closeBrowser" time="0.0" classname="com.crm.autodesk.GenericUtilities.BaseClass">
    <failure type="java.lang.NullPointerException">
      <![CDATA[java.lang.NullPointerException
at com.crm.autodesk.GenericUtilities.BaseClass.closeBrowser(BaseClass.java:84)
at java.util.concurrent.ThreadPoolExecutor.runWorker(ThreadPoolExecutor.java:1149)
at java.util.concurrent.ThreadPoolExecutor$Worker.run(ThreadPoolExecutor.java:624)
at java.lang.Thread.run(Thread.java:748)
... Removed 11 stack frames]]>
    </failure>
  </testcase> <!-- @AfterClass closeBrowser -->
  <testcase name="createOrganisationTest" time="0.0" classname="com.com.autodesk.Organization.Test.TC_02_CreateOrganizationWithIndusrtyTypeTest">
    <skipped/>
  </testcase> <!-- createOrganisationTest -->
  <testcase name="createOrganisationTest" time="0.0" classname="com.com.autodesk.Organization.Test.TC_01_CreateOrganizationTest">
    <skipped/>
  </testcase> <!-- createOrganisationTest -->
  <testcase name="@AfterSuite DisConnectDB" time="0.0" classname="com.crm.autodesk.GenericUtilities.BaseClass">
    <ignored/>
  </testcase> <!-- @AfterSuite DisConnectDB -->
  <testcase name="@BeforeSuite ConnectDB" time="0.0" classname="com.crm.autodesk.GenericUtilities.BaseClass">
    <ignored/>
  </testcase> <!-- @BeforeSuite ConnectDB -->
</testsuite> <!-- chrome -->
