<?xml version="1.0" encoding="UTF-8"?>
<!-- Generated by org.testng.reporters.JUnitXMLReporter -->
<testsuite hostname="ARAVINDKSV" ignored="11" name="Test" tests="2" failures="0" timestamp="18 Jan 2022 07:23:40 GMT" time="39.329" errors="0">
  <testcase name="createOrganizationWithRatingTest" time="8.725" classname="com.com.autodesk.Organization.Test.TC_04_CreateOrganizationWithRatingTest"/>
  <testcase name="createOrganizationWithAssignedToGroupTest" time="11.948" classname="com.com.autodesk.Organization.Test.TC_03_CreateOrganizationWithAssignedToGroupTest"/>
  <testcase name="@AfterSuite DisConnectDB" time="0.0" classname="com.crm.autodesk.GenericUtilities.BaseClass">
    <ignored/>
  </testcase> <!-- @AfterSuite DisConnectDB -->
  <testcase name="@AfterSuite DisConnectDB" time="0.0" classname="com.crm.autodesk.GenericUtilities.BaseClass">
    <ignored/>
  </testcase> <!-- @AfterSuite DisConnectDB -->
  <testcase name="@AfterSuite DisConnectDB" time="0.0" classname="com.crm.autodesk.GenericUtilities.BaseClass">
    <ignored/>
  </testcase> <!-- @AfterSuite DisConnectDB -->
  <testcase name="@AfterSuite DisConnectDB" time="0.0" classname="com.crm.autodesk.GenericUtilities.BaseClass">
    <ignored/>
  </testcase> <!-- @AfterSuite DisConnectDB -->
  <testcase name="@BeforeSuite ConnectDB" time="0.0" classname="com.crm.autodesk.GenericUtilities.BaseClass">
    <ignored/>
  </testcase> <!-- @BeforeSuite ConnectDB -->
  <testcase name="@BeforeSuite ConnectDB" time="0.0" classname="com.crm.autodesk.GenericUtilities.BaseClass">
    <ignored/>
  </testcase> <!-- @BeforeSuite ConnectDB -->
  <testcase name="@BeforeSuite ConnectDB" time="0.0" classname="com.crm.autodesk.GenericUtilities.BaseClass">
    <ignored/>
  </testcase> <!-- @BeforeSuite ConnectDB -->
  <testcase name="@BeforeSuite ConnectDB" time="0.0" classname="com.crm.autodesk.GenericUtilities.BaseClass">
    <ignored/>
  </testcase> <!-- @BeforeSuite ConnectDB -->
  <testcase name="createOrganizationWithNotifyOwnerCBTest" time="0.0" classname="com.com.autodesk.Organization.Test.TC_05_CreateOrganizationWithNotifyOwnerCBTest">
    <ignored/>
  </testcase> <!-- createOrganizationWithNotifyOwnerCBTest -->
  <testcase name="createOrganisationTest" time="0.0" classname="com.com.autodesk.Organization.Test.TC_01_CreateOrganizationTest">
    <ignored/>
  </testcase> <!-- createOrganisationTest -->
  <testcase name="createOrganizationTest" time="0.0" classname="com.com.autodesk.Organization.Test.TC_02_CreateOrganizationWithIndusrtyTypeTest">
    <ignored/>
  </testcase> <!-- createOrganizationTest -->
</testsuite> <!-- Test -->
