<?xml version="1.0" encoding="UTF-8"?>
<!-- Generated by org.testng.reporters.JUnitXMLReporter -->
<testsuite hostname="ARAVINDKSV" ignored="0" name="TestRunner_3" tests="1" failures="0" timestamp="15 Sep 2021 07:12:00 GMT" time="0.188" errors="0">
  <testcase name="@BeforeClass lanuchBrowser" time="0.015" classname="com.crm.autodesk.GenericUtilities.BaseClass">
    <failure type="java.lang.NullPointerException">
      <![CDATA[java.lang.NullPointerException
at com.crm.autodesk.GenericUtilities.WebDriverUtility.waitForPageLoad(WebDriverUtility.java:27)
at com.crm.autodesk.GenericUtilities.BaseClass.lanuchBrowser(BaseClass.java:57)
at java.util.concurrent.FutureTask.run(FutureTask.java:266)
at java.util.concurrent.ThreadPoolExecutor.runWorker(ThreadPoolExecutor.java:1149)
at java.util.concurrent.ThreadPoolExecutor$Worker.run(ThreadPoolExecutor.java:624)
at java.lang.Thread.run(Thread.java:748)
... Removed 17 stack frames]]>
    </failure>
  </testcase> <!-- @BeforeClass lanuchBrowser -->
  <testcase name="@BeforeMethod loginToApp" time="0.062" classname="com.crm.autodesk.GenericUtilities.BaseClass">
    <failure type="java.lang.NullPointerException">
      <![CDATA[java.lang.NullPointerException
at org.openqa.selenium.support.pagefactory.DefaultElementLocator.findElement(DefaultElementLocator.java:69)
at org.openqa.selenium.support.pagefactory.internal.LocatingElementHandler.invoke(LocatingElementHandler.java:38)
at com.sun.proxy.$Proxy14.sendKeys(Unknown Source)
at com.com.autodesk.Elementrepository.LoginPage.loginToApp(LoginPage.java:43)
at com.crm.autodesk.GenericUtilities.BaseClass.loginToApp(BaseClass.java:70)
at java.util.concurrent.FutureTask.run(FutureTask.java:266)
at java.util.concurrent.ThreadPoolExecutor.runWorker(ThreadPoolExecutor.java:1149)
at java.util.concurrent.ThreadPoolExecutor$Worker.run(ThreadPoolExecutor.java:624)
at java.lang.Thread.run(Thread.java:748)
... Removed 19 stack frames]]>
    </failure>
  </testcase> <!-- @BeforeMethod loginToApp -->
  <testcase name="@AfterClass closeBrowser" time="0.0" classname="com.crm.autodesk.GenericUtilities.BaseClass">
    <failure type="java.lang.NullPointerException">
      <![CDATA[java.lang.NullPointerException
at com.crm.autodesk.GenericUtilities.BaseClass.closeBrowser(BaseClass.java:85)
at java.util.concurrent.FutureTask.run(FutureTask.java:266)
at java.util.concurrent.ThreadPoolExecutor.runWorker(ThreadPoolExecutor.java:1149)
at java.util.concurrent.ThreadPoolExecutor$Worker.run(ThreadPoolExecutor.java:624)
at java.lang.Thread.run(Thread.java:748)
... Removed 17 stack frames]]>
    </failure>
  </testcase> <!-- @AfterClass closeBrowser -->
  <testcase name="createOrganizationWithNotifyOwnerCB" time="0.0" classname="com.com.autodesk.Organization.Test.TC_05_CreateOrganizationWithNotifyOwnerCB">
    <skipped/>
  </testcase> <!-- createOrganizationWithNotifyOwnerCB -->
</testsuite> <!-- TestRunner_3 -->
